<?xml version="1.0" encoding="UTF-8"?>
<testsuite name="com.fastradius.homework.domain.FacetTest" tests="2" skipped="0" failures="0" errors="0" timestamp="2021-12-13T18:05:19" hostname="MacBook-Pro.local" time="0.003">
  <properties/>
  <testcase name="getSurfaceArea_Calculates3dSurfaceAreaCorrectly()" classname="com.fastradius.homework.domain.FacetTest" time="0.001"/>
  <testcase name="getSurfaceArea_WhenAnyVerticesAreNull_ThrowIllegalArgumentException()" classname="com.fastradius.homework.domain.FacetTest" time="0.001"/>
  <system-out><![CDATA[]]></system-out>
  <system-err><![CDATA[]]></system-err>
</testsuite>
