<?xml version="1.0" encoding="UTF-8"?>
<testsuite name="com.fastradius.homework.domain.FacetTest" tests="2" skipped="0" failures="0" errors="0" timestamp="2021-12-13T04:08:22" hostname="MacBook-Pro.local" time="0.004">
  <properties/>
  <testcase name="getSurfaceArea_Calculates3dSurfaceAreaCorrectly()" classname="com.fastradius.homework.domain.FacetTest" time="0.001"/>
  <testcase name="getSurfaceArea_WhenAnyVerticesAreNull_ThrowIllegalArgumentException()" classname="com.fastradius.homework.domain.FacetTest" time="0.002"/>
  <system-out><![CDATA[]]></system-out>
  <system-err><![CDATA[]]></system-err>
</testsuite>
