<?xml version="1.0" encoding="UTF-8"?>
<testsuite name="com.fastradius.homework.repository.AsciiStlFileRepositoryTest" tests="8" skipped="0" failures="0" errors="0" timestamp="2021-12-13T18:05:19" hostname="MacBook-Pro.local" time="0.536">
  <properties/>
  <testcase name="decorateSolid_GivenNullBufferedReader_ThrowsRuntimeException()" classname="com.fastradius.homework.repository.AsciiStlFileRepositoryTest" time="0.495"/>
  <testcase name="decorateSolid_GivenNullFacets_ThrowsRuntimeException()" classname="com.fastradius.homework.repository.AsciiStlFileRepositoryTest" time="0.003"/>
  <testcase name="parseStlFile_GivenInvalidFilename_ReturnsEmptyOptional()" classname="com.fastradius.homework.repository.AsciiStlFileRepositoryTest" time="0.011"/>
  <testcase name="decorateSolid_WhenBufferedReaderEncountersEndOfFile_EndParsingFile()" classname="com.fastradius.homework.repository.AsciiStlFileRepositoryTest" time="0.011"/>
  <testcase name="decorateSolid_WhenBufferedReaderEncountersSolidStartBlock_AddsNameToSolid()" classname="com.fastradius.homework.repository.AsciiStlFileRepositoryTest" time="0.002"/>
  <testcase name="decorateSolid_WhenBufferedReaderEncountersFacetBlocks_ConstructsFacetAndAddsToList()" classname="com.fastradius.homework.repository.AsciiStlFileRepositoryTest" time="0.005"/>
  <testcase name="decorateSolid_GivenNullSolid_ThrowsRuntimeException()" classname="com.fastradius.homework.repository.AsciiStlFileRepositoryTest" time="0.002"/>
  <testcase name="parseStlFile_GivenNullFilename_ThrowsRuntimeException()" classname="com.fastradius.homework.repository.AsciiStlFileRepositoryTest" time="0.002"/>
  <system-out><![CDATA[12:05:19.735 [Test worker] ERROR com.fastradius.homework.repository.AsciiStlFileRepository - Could not find the file 'dabiuwbdiuyawbdaiyuwd.stl'
]]></system-out>
  <system-err><![CDATA[]]></system-err>
</testsuite>
